<?xml version="1.0" encoding="UTF-8"?>
<!-- Generated by org.testng.reporters.JUnitReportReporter -->
<testsuite hostname="LAPTOP-UKE5TLN7" failures="0" tests="2" name="testCases.TC001_AccountRegistrationTest" time="4.930" errors="0" timestamp="2026-01-21T16:42:41 IST" skipped="0">
  <testcase classname="testCases.TC001_AccountRegistrationTest" name="verify_account_registration" time="2.666"/>
  <testcase classname="testCases.TC001_AccountRegistrationTest" name="verify_account_registration" time="2.264"/>
</testsuite> <!-- testCases.TC001_AccountRegistrationTest -->
